<?xml version="1.0" encoding="UTF-8"?>
<!-- Generated by org.testng.reporters.JUnitReportReporter -->
<testsuite hostname="DESKTOP-9618V0O" failures="0" tests="1" name="testNG.NEW1.suite.TC01_verify_Price_Cart" time="179.891" errors="0" timestamp="2023-02-08T23:39:27 IST" skipped="0">
  <testcase classname="testNG.NEW1.suite.TC01_verify_Price_Cart" name="tc01" time="179.891"/>
  <system-out/>
</testsuite> <!-- testNG.NEW1.suite.TC01_verify_Price_Cart -->
