<?xml version="1.0" encoding="UTF-8"?>
<!-- Generated by org.testng.reporters.JUnitReportReporter -->
<testsuite hostname="DESKTOP-9618V0O" failures="0" tests="1" name="testNG_TestCases.TC03_verifyName_Wish" time="28.753" errors="0" timestamp="2023-02-09T09:16:48 IST" skipped="0">
  <testcase classname="testNG_TestCases.TC03_verifyName_Wish" name="tc03_verify_title_inWish" time="28.753"/>
  <system-out/>
</testsuite> <!-- testNG_TestCases.TC03_verifyName_Wish -->
