<?xml version="1.0" encoding="UTF-8"?>
<!-- Generated by org.testng.reporters.JUnitReportReporter -->
<testsuite hostname="DESKTOP-9618V0O" failures="0" tests="2" name="testNG_TestCases.TC01_TC02" time="146.679" errors="0" timestamp="2023-01-19T18:38:47 IST" skipped="0">
  <testcase classname="testNG_TestCases.TC01_TC02" name="tc02_verify_title_incart" time="51.924"/>
  <system-out/>
  <testcase classname="testNG_TestCases.TC01_TC02" name="tc01" time="94.755"/>
  <system-out/>
</testsuite> <!-- testNG_TestCases.TC01_TC02 -->
