<?xml version="1.0" encoding="UTF-8"?>
<!-- Generated by org.testng.reporters.JUnitReportReporter -->
<testsuite hostname="DESKTOP-9618V0O" failures="0" tests="2" name="practice.Annotations.TC02" time="0.014" errors="0" timestamp="2023-02-18T16:45:49 IST" skipped="0">
  <testcase classname="practice.Annotations.TC02" name="test03_class4" time="0.003"/>
  <system-out/>
  <testcase classname="practice.Annotations.TC02" name="test03_class4" time="0.011"/>
  <system-out/>
</testsuite> <!-- practice.Annotations.TC02 -->
