<?xml version="1.0" encoding="UTF-8"?>
<!-- Generated by org.testng.reporters.JUnitReportReporter -->
<testsuite hostname="DESKTOP-9618V0O" failures="0" tests="1" name="testNG_TestCases.TC02_verifyName_Cart" time="40.637" errors="0" timestamp="2023-02-09T09:14:13 IST" skipped="0">
  <testcase classname="testNG_TestCases.TC02_verifyName_Cart" name="tc02_verify_title_incart" time="40.637"/>
  <system-out/>
</testsuite> <!-- testNG_TestCases.TC02_verifyName_Cart -->
