<?xml version="1.0" encoding="UTF-8"?>
<!-- Generated by org.testng.reporters.JUnitReportReporter -->
<testsuite hostname="DESKTOP-9618V0O" failures="0" tests="1" name="testNG_TestCases.TC06_Header_TABS_Verify" time="16.689" errors="0" timestamp="2023-02-09T09:19:50 IST" skipped="0">
  <testcase classname="testNG_TestCases.TC06_Header_TABS_Verify" name="tc01" time="16.689"/>
  <system-out/>
</testsuite> <!-- testNG_TestCases.TC06_Header_TABS_Verify -->
