<?xml version="1.0" encoding="UTF-8"?>
<!-- Generated by org.testng.reporters.JUnitReportReporter -->
<testsuite hostname="DESKTOP-9618V0O" failures="0" tests="1" name="testNG_TestCases.TC05" time="0.010" errors="0" timestamp="2023-01-23T22:35:38 IST" skipped="0">
  <testcase classname="testNG_TestCases.TC05" name="test01_class5" time="0.010"/>
  <system-out/>
</testsuite> <!-- testNG_TestCases.TC05 -->
