<?xml version="1.0" encoding="UTF-8"?>
<!-- Generated by org.testng.reporters.JUnitReportReporter -->
<testsuite hostname="DESKTOP-9618V0O" failures="0" tests="1" name="testNG_TestCases.RC05_verify_CountriesList" time="17.470" errors="0" timestamp="2023-02-09T09:36:21 IST" skipped="0">
  <testcase classname="testNG_TestCases.RC05_verify_CountriesList" name="tc01" time="17.470"/>
  <system-out/>
</testsuite> <!-- testNG_TestCases.RC05_verify_CountriesList -->
