<?xml version="1.0" encoding="UTF-8"?>
<!-- Generated by org.testng.reporters.JUnitReportReporter -->
<testsuite hostname="DESKTOP-9618V0O" failures="0" tests="1" name="testNG_TestCases.TC10_ExcelWrite_Practice" time="117.341" errors="0" timestamp="2023-02-12T12:06:46 IST" skipped="0">
  <testcase classname="testNG_TestCases.TC10_ExcelWrite_Practice" name="tc01" time="117.341"/>
  <system-out/>
</testsuite> <!-- testNG_TestCases.TC10_ExcelWrite_Practice -->
