<?xml version="1.0" encoding="UTF-8"?>
<!-- Generated by org.testng.reporters.JUnitReportReporter -->
<testsuite hostname="DESKTOP-9618V0O" failures="0" tests="3" name="testNG_TestCases.TC04" time="0.018" errors="0" timestamp="2023-01-23T22:35:38 IST" skipped="1">
  <testcase classname="testNG_TestCases.TC04" name="test03_class4" time="0.005"/>
  <system-out/>
  <testcase classname="testNG_TestCases.TC04" name="test01_class4" time="0.013"/>
  <system-out/>
  <testcase classname="testNG_TestCases.TC04" name="test02_class4">
    <skipped/>
  </testcase> <!-- test02_class4 -->
  <system-out/>
</testsuite> <!-- testNG_TestCases.TC04 -->
