<?xml version="1.0" encoding="UTF-8"?>
<!-- Generated by org.testng.reporters.JUnitReportReporter -->
<testsuite hostname="DESKTOP-9618V0O" failures="0" tests="1" name="testNG_TestCases.TC04_verifyFilter_Price_Brand" time="22.335" errors="0" timestamp="2023-02-09T09:18:19 IST" skipped="0">
  <testcase classname="testNG_TestCases.TC04_verifyFilter_Price_Brand" name="tc01" time="22.335"/>
  <system-out/>
</testsuite> <!-- testNG_TestCases.TC04_verifyFilter_Price_Brand -->
