<?xml version="1.0" encoding="UTF-8"?>
<!-- Generated by org.testng.reporters.JUnitReportReporter -->
<testsuite hostname="DESKTOP-9618V0O" failures="0" tests="5" name="practice.Annotations.TestClass03" time="2.043" errors="0" timestamp="2023-01-25T18:55:06 IST" skipped="1">
  <testcase classname="practice.Annotations.TestClass03" name="test02_method_class3" time="0.004"/>
  <system-out/>
  <testcase classname="practice.Annotations.TestClass03" name="test02_method_class3" time="0.002"/>
  <system-out/>
  <testcase classname="practice.Annotations.TestClass03" name="test01_method_class3" time="2.031"/>
  <system-out/>
  <testcase classname="practice.Annotations.TestClass03" name="test03_method_class3" time="0.006"/>
  <system-out/>
  <testcase classname="practice.Annotations.TestClass03" name="test04_method_class1">
    <skipped/>
  </testcase> <!-- test04_method_class1 -->
  <system-out/>
</testsuite> <!-- practice.Annotations.TestClass03 -->
