<?xml version="1.0" encoding="UTF-8"?>
<!-- Generated by org.testng.reporters.JUnitReportReporter -->
<testsuite hostname="DESKTOP-9618V0O" failures="0" tests="1" name="testNG_TestCases.TC03_verify" time="33.154" errors="0" timestamp="2023-01-20T10:34:23 IST" skipped="0">
  <testcase classname="testNG_TestCases.TC03_verify" name="tc02_verify_title_incart" time="33.154"/>
  <system-out/>
</testsuite> <!-- testNG_TestCases.TC03_verify -->
