<?xml version="1.0" encoding="UTF-8"?>
<!-- Generated by org.testng.reporters.JUnitReportReporter -->
<testsuite hostname="DESKTOP-9618V0O" failures="0" tests="1" name="testNG_TestCases.Tc02" time="149.478" errors="0" timestamp="2023-01-19T17:57:06 IST" skipped="0">
  <testcase classname="testNG_TestCases.Tc02" name="tc02_verify_title_incart" time="149.478"/>
  <system-out/>
</testsuite> <!-- testNG_TestCases.Tc02 -->
