<?xml version="1.0" encoding="UTF-8"?>
<!-- Generated by org.testng.reporters.JUnitReportReporter -->
<testsuite hostname="DESKTOP-9618V0O" failures="0" tests="1" name="testNG_TestCases.TC03_Relogin_VerifyandDelete_cartExistingProduct" time="34.069" errors="0" timestamp="2023-02-12T15:32:37 IST" skipped="0">
  <testcase classname="testNG_TestCases.TC03_Relogin_VerifyandDelete_cartExistingProduct" name="tc03_verify_ByDeletingProduct_cartCount0" time="34.069"/>
  <system-out/>
</testsuite> <!-- testNG_TestCases.TC03_Relogin_VerifyandDelete_cartExistingProduct -->
