<?xml version="1.0" encoding="UTF-8"?>
<!-- Generated by org.testng.reporters.JUnitReportReporter -->
<testsuite hostname="DESKTOP-9618V0O" failures="0" tests="1" name="testNG_TestCases.TC01" time="68.984" errors="0" timestamp="2023-02-18T19:41:01 IST" skipped="0">
  <testcase classname="testNG_TestCases.TC01" name="tc01" time="68.984"/>
  <system-out/>
</testsuite> <!-- testNG_TestCases.TC01 -->
