<?xml version="1.0" encoding="UTF-8"?>
<!-- Generated by org.testng.reporters.JUnitReportReporter -->
<testsuite hostname="DESKTOP-9618V0O" failures="0" tests="3" name="practice.Annotations.TC01" time="0.042" errors="0" timestamp="2023-02-18T16:45:49 IST" skipped="0">
  <testcase classname="practice.Annotations.TC01" name="test02_method_class1" time="0.018"/>
  <system-out/>
  <testcase classname="practice.Annotations.TC01" name="test02_method_class1" time="0.019"/>
  <system-out/>
  <testcase classname="practice.Annotations.TC01" name="test01_method_class1" time="0.005"/>
  <system-out/>
</testsuite> <!-- practice.Annotations.TC01 -->
