<?xml version="1.0" encoding="UTF-8"?>
<!-- Generated by org.testng.reporters.JUnitReportReporter -->
<testsuite hostname="DESKTOP-9618V0O" failures="0" tests="3" name="testNG_TestCases.TC03" time="0.018" errors="0" timestamp="2023-01-19T22:50:25 IST" skipped="1">
  <testcase classname="testNG_TestCases.TC03" name="lambda" time="0.012">
    <skipped/>
  </testcase> <!-- lambda -->
  <system-out/>
  <testcase classname="testNG_TestCases.TC03" name="beta" time="0.003"/>
  <system-out/>
  <testcase classname="testNG_TestCases.TC03" name="beta" time="0.003"/>
  <system-out/>
</testsuite> <!-- testNG_TestCases.TC03 -->
