<?xml version="1.0" encoding="UTF-8"?>
<!-- Generated by org.testng.reporters.JUnitReportReporter -->
<testsuite hostname="DESKTOP-9618V0O" failures="0" tests="4" name="testNG_TestCases.TC11_VerifysearcgProductName_ReTesting" time="114.504" errors="0" timestamp="2023-02-14T11:42:47 IST" skipped="0">
  <testcase classname="testNG_TestCases.TC11_VerifysearcgProductName_ReTesting" name="tc01" time="31.921"/>
  <system-out/>
  <testcase classname="testNG_TestCases.TC11_VerifysearcgProductName_ReTesting" name="tc01" time="30.488"/>
  <system-out/>
  <testcase classname="testNG_TestCases.TC11_VerifysearcgProductName_ReTesting" name="tc01" time="25.192"/>
  <system-out/>
  <testcase classname="testNG_TestCases.TC11_VerifysearcgProductName_ReTesting" name="tc01" time="26.903"/>
  <system-out/>
</testsuite> <!-- testNG_TestCases.TC11_VerifysearcgProductName_ReTesting -->
