<?xml version="1.0" encoding="UTF-8"?>
<!-- Generated by org.testng.reporters.JUnitReportReporter -->
<testsuite hostname="DESKTOP-9618V0O" failures="0" tests="1" name="testNG_TestCases.TC01_verifyPrice_Cart" time="36.456" errors="0" timestamp="2023-02-09T09:08:36 IST" skipped="0">
  <testcase classname="testNG_TestCases.TC01_verifyPrice_Cart" name="tc01" time="36.456"/>
  <system-out/>
</testsuite> <!-- testNG_TestCases.TC01_verifyPrice_Cart -->
