<?xml version="1.0" encoding="UTF-8"?>
<!-- Generated by org.testng.reporters.JUnitReportReporter -->
<testsuite hostname="DESKTOP-9618V0O" failures="0" tests="1" name="testNG_TestCases.ParameterTest" time="0.045" errors="0" timestamp="2023-02-18T16:54:02 IST" skipped="0">
  <testcase classname="testNG_TestCases.ParameterTest" name="testMethod" time="0.045"/>
  <system-out/>
</testsuite> <!-- testNG_TestCases.ParameterTest -->
